2011-08-02 15:56:20.461 GMT Standard Time INFO [1908:1912] api.base.EGOAPIWrapper - Domain <SOAM>: Successfully opened handle to EGO [05DB1D08].
2011-08-02 15:56:20.481 GMT Standard Time INFO [1908:1912] api.base.EGOAPIWrapper - Domain <SOAM>: Successfully closed handle to EGO [05DB1D08].
2011-08-02 16:04:44.263 GMT Standard Time INFO [3796:544] api.base.EGOAPIWrapper - Domain <SOAM>: Successfully opened handle to EGO [05D21D08].
2011-08-02 16:04:44.277 GMT Standard Time INFO [3796:544] api.base.EGOAPIWrapper - Domain <SOAM>: Successfully closed handle to EGO [05D21D08].
2011-08-02 16:09:35.511 GMT Standard Time INFO [692:4016] api.base.EGOAPIWrapper - Domain <SOAM>: Successfully opened handle to EGO [05E91D08].
2011-08-02 16:09:35.533 GMT Standard Time INFO [692:4016] api.base.EGOAPIWrapper - Domain <SOAM>: Successfully closed handle to EGO [05E91D08].
2011-08-02 16:13:23.978 GMT Standard Time INFO [3896:3140] api.base.EGOAPIWrapper - Domain <SOAM>: Successfully opened handle to EGO [05E61D40].
2011-08-02 16:13:23.990 GMT Standard Time INFO [3896:3140] api.base.EGOAPIWrapper - Domain <SOAM>: Successfully closed handle to EGO [05E61D40].
2011-08-02 16:18:42.818 GMT Standard Time INFO [3828:148] api.base.EGOAPIWrapper - Domain <SOAM>: Successfully opened handle to EGO [05D71D08].
2011-08-02 16:18:42.839 GMT Standard Time INFO [3828:148] api.base.EGOAPIWrapper - Domain <SOAM>: Successfully closed handle to EGO [05D71D08].
2011-08-02 16:22:39.911 GMT Standard Time INFO [2848:3764] api.base.EGOAPIWrapper - Domain <SOAM>: Successfully opened handle to EGO [05D31D08].
2011-08-02 16:22:39.922 GMT Standard Time INFO [2848:3764] api.base.EGOAPIWrapper - Domain <SOAM>: Successfully closed handle to EGO [05D31D08].
2011-08-02 16:25:38.136 GMT Standard Time INFO [3092:3664] api.base.EGOAPIWrapper - Domain <SOAM>: Successfully opened handle to EGO [05F01EA8].
2011-08-02 16:25:38.148 GMT Standard Time INFO [3092:3664] api.base.EGOAPIWrapper - Domain <SOAM>: Successfully closed handle to EGO [05F01EA8].
2011-08-02 16:26:48.040 GMT Standard Time INFO [3848:2448] api.base.EGOAPIWrapper - Domain <SOAM>: Successfully opened handle to EGO [05DE1D08].
2011-08-02 16:26:48.056 GMT Standard Time INFO [3848:2448] api.base.EGOAPIWrapper - Domain <SOAM>: Successfully closed handle to EGO [05DE1D08].
2011-08-02 16:28:53.484 GMT Standard Time INFO [3848:3256] api.base.BaseSession - Domain <Application> : The number of tasks received for the life of session "8" was "700".
2011-08-02 16:39:31.241 GMT Standard Time INFO [1664:3948] api.base.EGOAPIWrapper - Domain <SOAM>: Successfully opened handle to EGO [05D71D08].
2011-08-02 16:39:31.253 GMT Standard Time INFO [1664:3948] api.base.EGOAPIWrapper - Domain <SOAM>: Successfully closed handle to EGO [05D71D08].
2011-08-04 11:34:53.163 GMT Standard Time INFO [3308:2244] api.base.EGOAPIWrapper - Domain <SOAM>: Successfully opened handle to EGO [05F21D08].
2011-08-04 11:34:53.178 GMT Standard Time INFO [3308:2244] api.base.EGOAPIWrapper - Domain <SOAM>: Successfully closed handle to EGO [05F21D08].
2011-08-04 14:19:22.029 GMT Standard Time INFO [1772:2988] api.base.EGOAPIWrapper - Domain <SOAM>: Successfully opened handle to EGO [05E61D08].
2011-08-04 14:19:22.044 GMT Standard Time INFO [1772:2988] api.base.EGOAPIWrapper - Domain <SOAM>: Successfully closed handle to EGO [05E61D08].
2011-08-04 14:24:10.397 GMT Standard Time INFO [608:3652] api.base.EGOAPIWrapper - Domain <SOAM>: Successfully opened handle to EGO [05CF1D08].
2011-08-04 14:24:10.419 GMT Standard Time INFO [608:3652] api.base.EGOAPIWrapper - Domain <SOAM>: Successfully closed handle to EGO [05CF1D08].
2011-08-04 14:56:23.219 GMT Standard Time INFO [3640:2516] api.base.EGOAPIWrapper - Domain <SOAM>: Successfully opened handle to EGO [05F41D08].
2011-08-04 14:56:23.238 GMT Standard Time INFO [3640:2516] api.base.EGOAPIWrapper - Domain <SOAM>: Successfully closed handle to EGO [05F41D08].
2011-08-04 15:00:24.723 GMT Standard Time INFO [3860:1436] api.base.EGOAPIWrapper - Domain <SOAM>: Successfully opened handle to EGO [05EB1D08].
2011-08-04 15:00:24.735 GMT Standard Time INFO [3860:1436] api.base.EGOAPIWrapper - Domain <SOAM>: Successfully closed handle to EGO [05EB1D08].
2011-08-04 15:08:19.456 GMT Standard Time INFO [3660:1584] api.base.EGOAPIWrapper - Domain <SOAM>: Successfully opened handle to EGO [05EA1D08].
2011-08-04 15:08:19.477 GMT Standard Time INFO [3660:1584] api.base.EGOAPIWrapper - Domain <SOAM>: Successfully closed handle to EGO [05EA1D08].
2011-08-04 15:14:40.859 GMT Standard Time INFO [3304:3964] api.base.EGOAPIWrapper - Domain <SOAM>: Successfully opened handle to EGO [05EC1D08].
2011-08-04 15:14:40.875 GMT Standard Time INFO [3304:3964] api.base.EGOAPIWrapper - Domain <SOAM>: Successfully closed handle to EGO [05EC1D08].
2011-08-04 15:15:30.445 GMT Standard Time INFO [4060:4048] api.base.EGOAPIWrapper - Domain <SOAM>: Successfully opened handle to EGO [05E71D08].
2011-08-04 15:15:30.467 GMT Standard Time INFO [4060:4048] api.base.EGOAPIWrapper - Domain <SOAM>: Successfully closed handle to EGO [05E71D08].
2011-08-04 16:19:59.663 GMT Standard Time INFO [3824:3852] api.base.EGOAPIWrapper - Domain <SOAM>: Successfully opened handle to EGO [05E21D08].
2011-08-04 16:19:59.680 GMT Standard Time INFO [3824:3852] api.base.EGOAPIWrapper - Domain <SOAM>: Successfully closed handle to EGO [05E21D08].
2011-08-04 16:28:55.380 GMT Standard Time INFO [1456:2012] api.base.EGOAPIWrapper - Domain <SOAM>: Successfully opened handle to EGO [05E01D08].
2011-08-04 16:28:55.391 GMT Standard Time INFO [1456:2012] api.base.EGOAPIWrapper - Domain <SOAM>: Successfully closed handle to EGO [05E01D08].
2011-08-04 16:37:40.387 GMT Standard Time INFO [3096:1368] api.base.EGOAPIWrapper - Domain <SOAM>: Successfully opened handle to EGO [05D71D08].
2011-08-04 16:37:40.407 GMT Standard Time INFO [3096:1368] api.base.EGOAPIWrapper - Domain <SOAM>: Successfully closed handle to EGO [05D71D08].
2011-08-04 16:42:27.309 GMT Standard Time INFO [1120:3292] api.base.EGOAPIWrapper - Domain <SOAM>: Successfully opened handle to EGO [05EC1D08].
2011-08-04 16:42:27.318 GMT Standard Time INFO [1120:3292] api.base.EGOAPIWrapper - Domain <SOAM>: Successfully closed handle to EGO [05EC1D08].
2011-08-04 16:44:56.955 GMT Standard Time INFO [4020:1320] api.base.EGOAPIWrapper - Domain <SOAM>: Successfully opened handle to EGO [05F51D08].
2011-08-04 16:44:56.975 GMT Standard Time INFO [4020:1320] api.base.EGOAPIWrapper - Domain <SOAM>: Successfully closed handle to EGO [05F51D08].
2011-08-04 16:46:02.020 GMT Standard Time INFO [2800:284] api.base.EGOAPIWrapper - Domain <SOAM>: Successfully opened handle to EGO [05E31EA8].
2011-08-04 16:46:02.038 GMT Standard Time INFO [2800:284] api.base.EGOAPIWrapper - Domain <SOAM>: Successfully closed handle to EGO [05E31EA8].
2011-08-05 09:39:33.026 GMT Standard Time INFO [3500:1120] api.base.EGOAPIWrapper - Domain <SOAM>: Successfully opened handle to EGO [05DA1D40].
2011-08-05 09:39:33.042 GMT Standard Time INFO [3500:1120] api.base.EGOAPIWrapper - Domain <SOAM>: Successfully closed handle to EGO [05DA1D40].
2011-08-05 10:03:35.473 GMT Standard Time INFO [2032:3772] api.base.EGOAPIWrapper - Domain <SOAM>: Successfully opened handle to EGO [05DF1D08].
2011-08-05 10:03:35.494 GMT Standard Time INFO [2032:3772] api.base.EGOAPIWrapper - Domain <SOAM>: Successfully closed handle to EGO [05DF1D08].
2011-08-05 10:16:31.415 GMT Standard Time INFO [1312:2612] api.base.EGOAPIWrapper - Domain <SOAM>: Successfully opened handle to EGO [05D21D08].
2011-08-05 10:16:31.430 GMT Standard Time INFO [1312:2612] api.base.EGOAPIWrapper - Domain <SOAM>: Successfully closed handle to EGO [05D21D08].
2011-08-05 10:26:05.795 GMT Standard Time INFO [2280:2912] api.base.EGOAPIWrapper - Domain <SOAM>: Successfully opened handle to EGO [05E51D08].
2011-08-05 10:26:05.816 GMT Standard Time INFO [2280:2912] api.base.EGOAPIWrapper - Domain <SOAM>: Successfully closed handle to EGO [05E51D08].
2011-08-05 10:29:36.918 GMT Standard Time INFO [2108:3436] api.base.EGOAPIWrapper - Domain <SOAM>: Successfully opened handle to EGO [05E01D08].
2011-08-05 10:29:36.940 GMT Standard Time INFO [2108:3436] api.base.EGOAPIWrapper - Domain <SOAM>: Successfully closed handle to EGO [05E01D08].
2011-08-05 10:55:28.656 GMT Standard Time INFO [4048:3416] api.base.EGOAPIWrapper - Domain <SOAM>: Successfully opened handle to EGO [05E71D08].
2011-08-05 10:55:28.699 GMT Standard Time INFO [4048:3416] api.base.EGOAPIWrapper - Domain <SOAM>: Successfully closed handle to EGO [05E71D08].
2011-08-05 11:01:10.309 GMT Standard Time INFO [2296:2012] api.base.EGOAPIWrapper - Domain <SOAM>: Successfully opened handle to EGO [05D21D08].
2011-08-05 11:01:10.322 GMT Standard Time INFO [2296:2012] api.base.EGOAPIWrapper - Domain <SOAM>: Successfully closed handle to EGO [05D21D08].
2011-08-05 11:05:14.613 GMT Standard Time INFO [3028:3500] api.base.EGOAPIWrapper - Domain <SOAM>: Successfully opened handle to EGO [05EA1D08].
2011-08-05 11:05:14.624 GMT Standard Time INFO [3028:3500] api.base.EGOAPIWrapper - Domain <SOAM>: Successfully closed handle to EGO [05EA1D08].
2011-08-05 11:16:46.804 GMT Standard Time INFO [3864:452] api.base.EGOAPIWrapper - Domain <SOAM>: Successfully opened handle to EGO [05DF1D08].
2011-08-05 11:16:46.818 GMT Standard Time INFO [3864:452] api.base.EGOAPIWrapper - Domain <SOAM>: Successfully closed handle to EGO [05DF1D08].
2011-08-05 11:21:00.896 GMT Standard Time INFO [3728:2508] api.base.EGOAPIWrapper - Domain <SOAM>: Successfully opened handle to EGO [05E71D08].
2011-08-05 11:21:00.914 GMT Standard Time INFO [3728:2508] api.base.EGOAPIWrapper - Domain <SOAM>: Successfully closed handle to EGO [05E71D08].
2011-08-05 11:24:03.082 GMT Standard Time INFO [2684:3448] api.base.EGOAPIWrapper - Domain <SOAM>: Successfully opened handle to EGO [05D31D08].
2011-08-05 11:24:03.096 GMT Standard Time INFO [2684:3448] api.base.EGOAPIWrapper - Domain <SOAM>: Successfully closed handle to EGO [05D31D08].
2011-08-05 11:26:33.466 GMT Standard Time INFO [2580:3228] api.base.EGOAPIWrapper - Domain <SOAM>: Successfully opened handle to EGO [05E21D08].
2011-08-05 11:26:33.481 GMT Standard Time INFO [2580:3228] api.base.EGOAPIWrapper - Domain <SOAM>: Successfully closed handle to EGO [05E21D08].
